<?xml version="1.0" encoding="UTF-8"?>
<testsuite name="com.accso.shipmentservive.RestartSurvivalTest" tests="1" skipped="0" failures="0" errors="0" timestamp="2026-08-24T09:11:17.275Z" hostname="SIBUSISO-LAPTOP" time="12.711">
  <properties/>
  <testcase name="eventPersistedInOneContext_isReadableAfterContextRestart()" classname="com.accso.shipmentservive.RestartSurvivalTest" time="12.71"/>
  <system-out><![CDATA[
  .   ____          _            __ _ _
 /\\ / ___'_ __ _ _(_)_ __  __ _ \ \ \ \
( ( )\___ | '_ | '_| | '_ \/ _` | \ \ \ \
 \\/  ___)| |_)| | | | | || (_| |  ) ) ) )
  '  |____| .__|_| |_|_| |_\__, | / / / /
 =========|_|==============|___/=/_/_/_/

 :: Spring Boot ::                (v4.1.1)

2026-08-24T11:11:17.500+02:00  INFO 30624 --- [    Test worker] w.o.g.p.i.worker.GradleWorkerMain        : Starting GradleWorkerMain using Java 21 with PID 30624 (started by sibusiso.kubalo in C:\Users\sibusiso.kubalo\Documents\Sibu\Poppy\shipment-servive)
2026-08-24T11:11:17.506+02:00  INFO 30624 --- [    Test worker] w.o.g.p.i.worker.GradleWorkerMain        : No active profile set, falling back to 1 default profile: "default"
2026-08-24T11:11:19.516+02:00  INFO 30624 --- [    Test worker] .s.d.r.c.RepositoryConfigurationDelegate : Bootstrapping Spring Data JPA repositories in DEFAULT mode.
2026-08-24T11:11:19.701+02:00  INFO 30624 --- [    Test worker] .s.d.r.c.RepositoryConfigurationDelegate : Finished Spring Data repository scanning in 133 ms. Found 1 JPA repository interface.
2026-08-24T11:11:20.497+02:00  INFO 30624 --- [    Test worker] o.s.boot.tomcat.TomcatWebServer          : Tomcat initialized with port 0 (http)
2026-08-24T11:11:20.505+02:00  INFO 30624 --- [    Test worker] o.apache.catalina.core.StandardService   : Starting service [Tomcat]
2026-08-24T11:11:20.508+02:00  INFO 30624 --- [    Test worker] o.apache.catalina.core.StandardEngine    : Starting Servlet engine: [Apache Tomcat/11.0.24]
2026-08-24T11:11:20.947+02:00  INFO 30624 --- [    Test worker] b.w.c.s.WebApplicationContextInitializer : Root WebApplicationContext: initialization completed in 3403 ms
2026-08-24T11:11:21.185+02:00  INFO 30624 --- [    Test worker] org.hibernate.orm.jpa                    : HHH008540: Processing PersistenceUnitInfo [name: default]
2026-08-24T11:11:21.474+02:00  INFO 30624 --- [    Test worker] o.s.o.j.p.SpringPersistenceUnitInfo      : No LoadTimeWeaver setup: ignoring JPA class transformer
2026-08-24T11:11:21.478+02:00  INFO 30624 --- [    Test worker] com.zaxxer.hikari.HikariDataSource       : HikariPool-2 - Starting...
2026-08-24T11:11:21.668+02:00  INFO 30624 --- [    Test worker] com.zaxxer.hikari.pool.HikariPool        : HikariPool-2 - Added connection conn10: url=jdbc:h2:file:C:\Users\SIBUSI~1.KUB\AppData\Local\Temp\junit-4925231088649341156\restart-test user=SA
2026-08-24T11:11:21.670+02:00  INFO 30624 --- [    Test worker] com.zaxxer.hikari.HikariDataSource       : HikariPool-2 - Start completed.
2026-08-24T11:11:21.677+02:00  INFO 30624 --- [    Test worker] org.hibernate.orm.connections.pooling    : HHH10001005: Database info:
	Database JDBC URL [jdbc:h2:file:C:\Users\SIBUSI~1.KUB\AppData\Local\Temp\junit-4925231088649341156\restart-test]
	Database driver: H2 JDBC Driver
	Database dialect: H2Dialect
	Database version: 2.4.240
	Default catalog/schema: RESTART-TEST/PUBLIC
	Autocommit mode: undefined/unknown
	Isolation level: READ_COMMITTED [default READ_COMMITTED]
	JDBC fetch size: 100
	Pool: DataSourceConnectionProvider
	Minimum pool size: undefined/unknown
	Maximum pool size: undefined/unknown
2026-08-24T11:11:21.935+02:00  INFO 30624 --- [    Test worker] org.hibernate.orm.core                   : HHH000489: No JTA platform available (set 'hibernate.transaction.jta.platform' to enable JTA platform integration)
2026-08-24T11:11:22.025+02:00  INFO 30624 --- [    Test worker] j.LocalContainerEntityManagerFactoryBean : Initialized JPA EntityManagerFactory for persistence unit 'default'
2026-08-24T11:11:23.080+02:00  INFO 30624 --- [    Test worker] o.s.boot.tomcat.TomcatWebServer          : Tomcat started on port 51409 (http) with context path '/'
2026-08-24T11:11:23.101+02:00  INFO 30624 --- [    Test worker] w.o.g.p.i.worker.GradleWorkerMain        : Started GradleWorkerMain in 5.758 seconds (process running for 60.522)
2026-08-24T11:11:23.203+02:00  INFO 30624 --- [    Test worker] o.s.boot.tomcat.GracefulShutdown         : Commencing graceful shutdown. Waiting for active requests to complete
2026-08-24T11:11:23.265+02:00  INFO 30624 --- [tomcat-shutdown] o.s.boot.tomcat.GracefulShutdown         : Graceful shutdown complete
2026-08-24T11:11:23.274+02:00  INFO 30624 --- [    Test worker] j.LocalContainerEntityManagerFactoryBean : Closing JPA EntityManagerFactory for persistence unit 'default'
2026-08-24T11:11:23.281+02:00  INFO 30624 --- [    Test worker] com.zaxxer.hikari.HikariDataSource       : HikariPool-2 - Shutdown initiated...
2026-08-24T11:11:23.305+02:00  INFO 30624 --- [    Test worker] com.zaxxer.hikari.HikariDataSource       : HikariPool-2 - Shutdown completed.
2026-08-24T11:11:23.309+02:00  INFO 30624 --- [    Test worker] o.apache.catalina.core.StandardService   : Stopping service [Tomcat]

  .   ____          _            __ _ _
 /\\ / ___'_ __ _ _(_)_ __  __ _ \ \ \ \
( ( )\___ | '_ | '_| | '_ \/ _` | \ \ \ \
 \\/  ___)| |_)| | | | | || (_| |  ) ) ) )
  '  |____| .__|_| |_|_| |_\__, | / / / /
 =========|_|==============|___/=/_/_/_/

 :: Spring Boot ::                (v4.1.1)

2026-08-24T11:11:23.539+02:00  INFO 30624 --- [    Test worker] w.o.g.p.i.worker.GradleWorkerMain        : Starting GradleWorkerMain using Java 21 with PID 30624 (started by sibusiso.kubalo in C:\Users\sibusiso.kubalo\Documents\Sibu\Poppy\shipment-servive)
2026-08-24T11:11:23.541+02:00  INFO 30624 --- [    Test worker] w.o.g.p.i.worker.GradleWorkerMain        : No active profile set, falling back to 1 default profile: "default"
2026-08-24T11:11:26.233+02:00  INFO 30624 --- [    Test worker] .s.d.r.c.RepositoryConfigurationDelegate : Bootstrapping Spring Data JPA repositories in DEFAULT mode.
2026-08-24T11:11:26.303+02:00  INFO 30624 --- [    Test worker] .s.d.r.c.RepositoryConfigurationDelegate : Finished Spring Data repository scanning in 62 ms. Found 1 JPA repository interface.
2026-08-24T11:11:26.574+02:00  INFO 30624 --- [    Test worker] o.s.boot.tomcat.TomcatWebServer          : Tomcat initialized with port 0 (http)
2026-08-24T11:11:26.579+02:00  INFO 30624 --- [    Test worker] o.apache.catalina.core.StandardService   : Starting service [Tomcat]
2026-08-24T11:11:26.581+02:00  INFO 30624 --- [    Test worker] o.apache.catalina.core.StandardEngine    : Starting Servlet engine: [Apache Tomcat/11.0.24]
2026-08-24T11:11:26.732+02:00  INFO 30624 --- [    Test worker] b.w.c.s.WebApplicationContextInitializer : Root WebApplicationContext: initialization completed in 3176 ms
2026-08-24T11:11:26.902+02:00  INFO 30624 --- [    Test worker] org.hibernate.orm.jpa                    : HHH008540: Processing PersistenceUnitInfo [name: default]
2026-08-24T11:11:27.126+02:00  INFO 30624 --- [    Test worker] o.s.o.j.p.SpringPersistenceUnitInfo      : No LoadTimeWeaver setup: ignoring JPA class transformer
2026-08-24T11:11:27.131+02:00  INFO 30624 --- [    Test worker] com.zaxxer.hikari.HikariDataSource       : HikariPool-3 - Starting...
2026-08-24T11:11:27.210+02:00  INFO 30624 --- [    Test worker] com.zaxxer.hikari.pool.HikariPool        : HikariPool-3 - Added connection conn20: url=jdbc:h2:file:C:\Users\SIBUSI~1.KUB\AppData\Local\Temp\junit-4925231088649341156\restart-test user=SA
2026-08-24T11:11:27.212+02:00  INFO 30624 --- [    Test worker] com.zaxxer.hikari.HikariDataSource       : HikariPool-3 - Start completed.
2026-08-24T11:11:27.214+02:00  INFO 30624 --- [    Test worker] org.hibernate.orm.connections.pooling    : HHH10001005: Database info:
	Database JDBC URL [jdbc:h2:file:C:\Users\SIBUSI~1.KUB\AppData\Local\Temp\junit-4925231088649341156\restart-test]
	Database driver: H2 JDBC Driver
	Database dialect: H2Dialect
	Database version: 2.4.240
	Default catalog/schema: RESTART-TEST/PUBLIC
	Autocommit mode: undefined/unknown
	Isolation level: READ_COMMITTED [default READ_COMMITTED]
	JDBC fetch size: 100
	Pool: DataSourceConnectionProvider
	Minimum pool size: undefined/unknown
	Maximum pool size: undefined/unknown
2026-08-24T11:11:27.521+02:00  INFO 30624 --- [    Test worker] org.hibernate.orm.core                   : HHH000489: No JTA platform available (set 'hibernate.transaction.jta.platform' to enable JTA platform integration)
2026-08-24T11:11:27.755+02:00  INFO 30624 --- [    Test worker] j.LocalContainerEntityManagerFactoryBean : Initialized JPA EntityManagerFactory for persistence unit 'default'
2026-08-24T11:11:29.103+02:00  INFO 30624 --- [    Test worker] o.s.boot.tomcat.TomcatWebServer          : Tomcat started on port 56007 (http) with context path '/'
2026-08-24T11:11:29.110+02:00  INFO 30624 --- [    Test worker] w.o.g.p.i.worker.GradleWorkerMain        : Started GradleWorkerMain in 5.755 seconds (process running for 66.531)
2026-08-24T11:11:29.125+02:00  INFO 30624 --- [    Test worker] o.s.boot.tomcat.GracefulShutdown         : Commencing graceful shutdown. Waiting for active requests to complete
2026-08-24T11:11:29.164+02:00  INFO 30624 --- [tomcat-shutdown] o.s.boot.tomcat.GracefulShutdown         : Graceful shutdown complete
2026-08-24T11:11:29.185+02:00  INFO 30624 --- [    Test worker] j.LocalContainerEntityManagerFactoryBean : Closing JPA EntityManagerFactory for persistence unit 'default'
2026-08-24T11:11:29.187+02:00  INFO 30624 --- [    Test worker] com.zaxxer.hikari.HikariDataSource       : HikariPool-3 - Shutdown initiated...
2026-08-24T11:11:29.674+02:00  INFO 30624 --- [    Test worker] com.zaxxer.hikari.HikariDataSource       : HikariPool-3 - Shutdown completed.
2026-08-24T11:11:29.676+02:00  INFO 30624 --- [    Test worker] o.apache.catalina.core.StandardService   : Stopping service [Tomcat]
]]></system-out>
  <system-err><![CDATA[]]></system-err>
</testsuite>
