<?xml version="1.0" encoding="UTF-8"?>
<testsuite name="com.accso.shipmentservive.repository.ShipmentEventRepositoryTest" tests="2" skipped="0" failures="0" errors="0" timestamp="2026-08-24T09:11:36.233Z" hostname="SIBUSISO-LAPTOP" time="3.079">
  <properties/>
  <testcase name="countByShipmentId_excludesOtherShipments()" classname="com.accso.shipmentservive.repository.ShipmentEventRepositoryTest" time="0.228"/>
  <testcase name="findByShipmentId_onlyReturnsEventsForThatShipment()" classname="com.accso.shipmentservive.repository.ShipmentEventRepositoryTest" time="0.122"/>
  <system-out><![CDATA[2026-08-24T11:11:36.256+02:00  INFO 30624 --- [    Test worker] t.c.s.AnnotationConfigContextLoaderUtils : Could not detect default configuration classes for test class [com.accso.shipmentservive.repository.ShipmentEventRepositoryTest]: ShipmentEventRepositoryTest does not declare any static, non-private, non-final, nested classes annotated with @Configuration.
2026-08-24T11:11:36.516+02:00  INFO 30624 --- [    Test worker] .b.t.c.SpringBootTestContextBootstrapper : Found @SpringBootConfiguration com.accso.shipmentservive.ShipmentServiveApplication for test class com.accso.shipmentservive.repository.ShipmentEventRepositoryTest
2026-08-24T11:11:36.526+02:00  INFO 30624 --- [    Test worker] t.c.s.AnnotationConfigContextLoaderUtils : Could not detect default configuration classes for test class [com.accso.shipmentservive.repository.ShipmentEventRepositoryTest]: ShipmentEventRepositoryTest does not declare any static, non-private, non-final, nested classes annotated with @Configuration.
2026-08-24T11:11:36.608+02:00  INFO 30624 --- [    Test worker] .b.t.c.SpringBootTestContextBootstrapper : Found @SpringBootConfiguration com.accso.shipmentservive.ShipmentServiveApplication for test class com.accso.shipmentservive.repository.ShipmentEventRepositoryTest

  .   ____          _            __ _ _
 /\\ / ___'_ __ _ _(_)_ __  __ _ \ \ \ \
( ( )\___ | '_ | '_| | '_ \/ _` | \ \ \ \
 \\/  ___)| |_)| | | | | || (_| |  ) ) ) )
  '  |____| .__|_| |_|_| |_\__, | / / / /
 =========|_|==============|___/=/_/_/_/

 :: Spring Boot ::                (v4.1.1)

2026-08-24T11:11:37.022+02:00  INFO 30624 --- [    Test worker] c.a.s.r.ShipmentEventRepositoryTest      : Starting ShipmentEventRepositoryTest using Java 21 with PID 30624 (started by sibusiso.kubalo in C:\Users\sibusiso.kubalo\Documents\Sibu\Poppy\shipment-servive)
2026-08-24T11:11:37.030+02:00  INFO 30624 --- [    Test worker] c.a.s.r.ShipmentEventRepositoryTest      : No active profile set, falling back to 1 default profile: "default"
2026-08-24T11:11:38.228+02:00  INFO 30624 --- [    Test worker] .s.d.r.c.RepositoryConfigurationDelegate : Bootstrapping Spring Data JPA repositories in DEFAULT mode.
2026-08-24T11:11:38.293+02:00  INFO 30624 --- [    Test worker] .s.d.r.c.RepositoryConfigurationDelegate : Finished Spring Data repository scanning in 53 ms. Found 1 JPA repository interface.
2026-08-24T11:11:38.344+02:00  INFO 30624 --- [    Test worker] beddedDataSourceBeanFactoryPostProcessor : Replacing 'dataSource' DataSource bean with embedded version
2026-08-24T11:11:38.410+02:00  INFO 30624 --- [    Test worker] o.s.j.d.e.EmbeddedDatabaseFactory        : Starting embedded database: url='jdbc:h2:mem:18980d2b-0598-4c49-b4c8-86716d77fa27;DB_CLOSE_DELAY=-1;DB_CLOSE_ON_EXIT=false', username='sa'
2026-08-24T11:11:38.483+02:00  INFO 30624 --- [    Test worker] org.hibernate.orm.jpa                    : HHH008540: Processing PersistenceUnitInfo [name: default]
2026-08-24T11:11:38.585+02:00  INFO 30624 --- [    Test worker] o.s.o.j.p.SpringPersistenceUnitInfo      : No LoadTimeWeaver setup: ignoring JPA class transformer
2026-08-24T11:11:38.594+02:00  INFO 30624 --- [    Test worker] org.hibernate.orm.connections.pooling    : HHH10001005: Database info:
	Database JDBC URL [jdbc:h2:mem:18980d2b-0598-4c49-b4c8-86716d77fa27]
	Database driver: H2 JDBC Driver
	Database dialect: H2Dialect
	Database version: 2.4.240
	Default catalog/schema: 18980D2B-0598-4C49-B4C8-86716D77FA27/PUBLIC
	Autocommit mode: undefined/unknown
	Isolation level: READ_COMMITTED [default READ_COMMITTED]
	JDBC fetch size: 100
	Pool: DataSourceConnectionProvider
	Minimum pool size: undefined/unknown
	Maximum pool size: undefined/unknown
2026-08-24T11:11:38.773+02:00  INFO 30624 --- [    Test worker] org.hibernate.orm.core                   : HHH000489: No JTA platform available (set 'hibernate.transaction.jta.platform' to enable JTA platform integration)
Hibernate: drop table if exists shipment_event cascade 
Hibernate: create table shipment_event (occurred_at timestamp(6) with time zone not null, received_at timestamp(6) with time zone not null, event_id varchar(255) not null, location varchar(255), partner varchar(255) not null, shipment_id varchar(255) not null, status enum ('DELIVERED','DELIVERY_EXCEPTION','HANDED_TO_CARRIER','IN_TRANSIT','LABEL_CREATED','OUT_FOR_DELIVERY','RETURNED') not null, primary key (event_id))
Hibernate: create index idx_shipment_event_shipment_id on shipment_event (shipment_id)
2026-08-24T11:11:38.795+02:00  INFO 30624 --- [    Test worker] j.LocalContainerEntityManagerFactoryBean : Initialized JPA EntityManagerFactory for persistence unit 'default'
2026-08-24T11:11:38.927+02:00  INFO 30624 --- [    Test worker] c.a.s.r.ShipmentEventRepositoryTest      : Started ShipmentEventRepositoryTest in 2.304 seconds (process running for 76.348)
Hibernate: select se1_0.event_id,se1_0.location,se1_0.occurred_at,se1_0.partner,se1_0.received_at,se1_0.shipment_id,se1_0.status from shipment_event se1_0 where se1_0.event_id=?
Hibernate: select se1_0.event_id,se1_0.location,se1_0.occurred_at,se1_0.partner,se1_0.received_at,se1_0.shipment_id,se1_0.status from shipment_event se1_0 where se1_0.event_id=?
Hibernate: select se1_0.event_id,se1_0.location,se1_0.occurred_at,se1_0.partner,se1_0.received_at,se1_0.shipment_id,se1_0.status from shipment_event se1_0 where se1_0.event_id=?
Hibernate: insert into shipment_event (location,occurred_at,partner,received_at,shipment_id,status,event_id) values (?,?,?,?,?,?,?)
Hibernate: insert into shipment_event (location,occurred_at,partner,received_at,shipment_id,status,event_id) values (?,?,?,?,?,?,?)
Hibernate: insert into shipment_event (location,occurred_at,partner,received_at,shipment_id,status,event_id) values (?,?,?,?,?,?,?)
Hibernate: select count(se1_0.event_id) from shipment_event se1_0 where se1_0.shipment_id=?
Hibernate: select count(se1_0.event_id) from shipment_event se1_0 where se1_0.shipment_id=?
Hibernate: select count(se1_0.event_id) from shipment_event se1_0 where se1_0.shipment_id=?
Hibernate: select se1_0.event_id,se1_0.location,se1_0.occurred_at,se1_0.partner,se1_0.received_at,se1_0.shipment_id,se1_0.status from shipment_event se1_0 where se1_0.event_id=?
Hibernate: select se1_0.event_id,se1_0.location,se1_0.occurred_at,se1_0.partner,se1_0.received_at,se1_0.shipment_id,se1_0.status from shipment_event se1_0 where se1_0.event_id=?
Hibernate: select se1_0.event_id,se1_0.location,se1_0.occurred_at,se1_0.partner,se1_0.received_at,se1_0.shipment_id,se1_0.status from shipment_event se1_0 where se1_0.event_id=?
Hibernate: insert into shipment_event (location,occurred_at,partner,received_at,shipment_id,status,event_id) values (?,?,?,?,?,?,?)
Hibernate: insert into shipment_event (location,occurred_at,partner,received_at,shipment_id,status,event_id) values (?,?,?,?,?,?,?)
Hibernate: insert into shipment_event (location,occurred_at,partner,received_at,shipment_id,status,event_id) values (?,?,?,?,?,?,?)
Hibernate: select se1_0.event_id,se1_0.location,se1_0.occurred_at,se1_0.partner,se1_0.received_at,se1_0.shipment_id,se1_0.status from shipment_event se1_0 where se1_0.shipment_id=?
]]></system-out>
  <system-err><![CDATA[]]></system-err>
</testsuite>
