<?xml version="1.0" encoding="UTF-8"?>
<testsuite name="com.accso.shipmentservive.domain.ShipmentEventOrderTest" tests="5" skipped="0" failures="0" errors="0" timestamp="2026-08-24T09:11:36.089Z" hostname="SIBUSISO-LAPTOP" time="0.124">
  <properties/>
  <testcase name="ordersByOccurredAtFirst()" classname="com.accso.shipmentservive.domain.ShipmentEventOrderTest" time="0.01"/>
  <testcase name="tieOnOccurredAt_brokenByReceivedAt()" classname="com.accso.shipmentservive.domain.ShipmentEventOrderTest" time="0.029"/>
  <testcase name="tieOnOccurredAtAndReceivedAt_brokenByGreaterEventId()" classname="com.accso.shipmentservive.domain.ShipmentEventOrderTest" time="0.017"/>
  <testcase name="ascendingListLastElement_equalsMaxByComparator()" classname="com.accso.shipmentservive.domain.ShipmentEventOrderTest" time="0.007"/>
  <testcase name="eventIdTieBreakUsesPlainStringComparison_not_numeric_or_length()" classname="com.accso.shipmentservive.domain.ShipmentEventOrderTest" time="0.013"/>
  <system-out><![CDATA[]]></system-out>
  <system-err><![CDATA[]]></system-err>
</testsuite>
